CommandError: ":80" is not a valid port number or address:port pair.
[22/Jan/2015 08:11:36] "GET /car_extraction/opinion_target/ HTTP/1.0" 200 1163
[22/Jan/2015 08:11:36] "GET /static/jquery/1.11.1/jquery.min.js HTTP/1.0" 304 0
[22/Jan/2015 08:11:36] "GET /static/bootstrap/3.3.0/css/bootstrap.min.css HTTP/1.0" 304 0
[22/Jan/2015 08:11:36] "GET /static/bootstrap/3.3.0/js/bootstrap.min.js HTTP/1.0" 304 0
[22/Jan/2015 08:11:36] "GET /static/js/opinion_target.js HTTP/1.0" 304 0
[22/Jan/2015 08:11:36] "GET /static/css/opinion_target.css HTTP/1.0" 304 0
[22/Jan/2015 08:11:37] "GET /static/img/bg.gif HTTP/1.0" 304 0
[22/Jan/2015 08:11:38] "GET / HTTP/1.0" 200 1163
[22/Jan/2015 08:11:39] "GET / HTTP/1.0" 200 1163
[22/Jan/2015 08:11:39] "GET /static/jquery/1.11.1/jquery.min.js HTTP/1.0" 304 0
[22/Jan/2015 08:11:39] "GET /static/bootstrap/3.3.0/js/bootstrap.min.js HTTP/1.0" 304 0
[22/Jan/2015 08:11:39] "GET /static/bootstrap/3.3.0/css/bootstrap.min.css HTTP/1.0" 304 0
[22/Jan/2015 08:11:39] "GET /static/js/opinion_target.js HTTP/1.0" 304 0
[22/Jan/2015 08:11:39] "GET /static/css/opinion_target.css HTTP/1.0" 304 0
[22/Jan/2015 08:12:18] "GET / HTTP/1.0" 200 1153
[22/Jan/2015 08:12:18] "GET /static/bootstrap/3.3.0/css/bootstrap.min.css HTTP/1.0" 304 0
[22/Jan/2015 08:12:18] "GET /static/bootstrap/3.3.0/js/bootstrap.min.js HTTP/1.0" 304 0
[22/Jan/2015 08:12:18] "GET /static/jquery/1.11.1/jquery.min.js HTTP/1.0" 304 0
[22/Jan/2015 08:12:18] "GET /static/js/opinion_target.js HTTP/1.0" 304 0
[22/Jan/2015 08:12:18] "GET /static/css/opinion_target.css HTTP/1.0" 304 0
[22/Jan/2015 08:12:20] "GET / HTTP/1.0" 200 1153
[22/Jan/2015 08:12:20] "GET /static/jquery/1.11.1/jquery.min.js HTTP/1.0" 304 0
[22/Jan/2015 08:12:20] "GET /static/bootstrap/3.3.0/js/bootstrap.min.js HTTP/1.0" 304 0
[22/Jan/2015 08:12:20] "GET /static/bootstrap/3.3.0/css/bootstrap.min.css HTTP/1.0" 304 0
[22/Jan/2015 08:12:20] "GET /static/js/opinion_target.js HTTP/1.0" 304 0
[22/Jan/2015 08:12:20] "GET /static/css/opinion_target.css HTTP/1.0" 304 0
[22/Jan/2015 08:12:22] "GET / HTTP/1.0" 200 1153
[22/Jan/2015 08:12:22] "GET /static/bootstrap/3.3.0/css/bootstrap.min.css HTTP/1.0" 304 0
[22/Jan/2015 08:12:22] "GET /static/jquery/1.11.1/jquery.min.js HTTP/1.0" 304 0
[22/Jan/2015 08:12:22] "GET /static/bootstrap/3.3.0/js/bootstrap.min.js HTTP/1.0" 304 0
[22/Jan/2015 08:12:22] "GET /static/js/opinion_target.js HTTP/1.0" 304 0
[22/Jan/2015 08:12:22] "GET /static/css/opinion_target.css HTTP/1.0" 304 0
[22/Jan/2015 08:14:17] "GET / HTTP/1.0" 200 1256
[22/Jan/2015 08:14:17] "GET /static/jquery/1.11.1/jquery.min.js HTTP/1.0" 304 0
[22/Jan/2015 08:14:17] "GET /static/bootstrap/3.3.0/css/bootstrap.min.css HTTP/1.0" 304 0
[22/Jan/2015 08:14:17] "GET /static/bootstrap/3.3.0/js/bootstrap.min.js HTTP/1.0" 304 0
[22/Jan/2015 08:14:17] "GET /static/js/opinion_target.js HTTP/1.0" 304 0
[22/Jan/2015 08:14:17] "GET /static/css/opinion_target.css HTTP/1.0" 304 0
[22/Jan/2015 08:15:32] "GET / HTTP/1.0" 200 1357
[22/Jan/2015 08:15:32] "GET /static/bootstrap/3.3.0/css/bootstrap.min.css HTTP/1.0" 304 0
[22/Jan/2015 08:15:32] "GET /static/jquery/1.11.1/jquery.min.js HTTP/1.0" 304 0
[22/Jan/2015 08:15:32] "GET /static/bootstrap/3.3.0/js/bootstrap.min.js HTTP/1.0" 304 0
[22/Jan/2015 08:15:32] "GET /static/css/opinion_target.css HTTP/1.0" 304 0
[22/Jan/2015 08:15:32] "GET /static/js/opinion_target.js HTTP/1.0" 304 0
[22/Jan/2015 08:15:35] "GET /weibo/215007356 HTTP/1.0" 404 2303
[22/Jan/2015 08:15:45] "GET / HTTP/1.0" 200 1361
[22/Jan/2015 08:15:45] "GET /static/jquery/1.11.1/jquery.min.js HTTP/1.0" 304 0
[22/Jan/2015 08:15:45] "GET /static/bootstrap/3.3.0/css/bootstrap.min.css HTTP/1.0" 304 0
[22/Jan/2015 08:15:45] "GET /static/bootstrap/3.3.0/js/bootstrap.min.js HTTP/1.0" 304 0
[22/Jan/2015 08:15:45] "GET /static/js/opinion_target.js HTTP/1.0" 304 0
[22/Jan/2015 08:15:45] "GET /static/css/opinion_target.css HTTP/1.0" 304 0
[22/Jan/2015 08:15:46] "GET /weibo.com/215007356 HTTP/1.0" 404 2315
[22/Jan/2015 08:15:54] "GET / HTTP/1.0" 200 1368
[22/Jan/2015 08:15:54] "GET /static/bootstrap/3.3.0/css/bootstrap.min.css HTTP/1.0" 304 0
[22/Jan/2015 08:15:54] "GET /static/jquery/1.11.1/jquery.min.js HTTP/1.0" 304 0
[22/Jan/2015 08:15:54] "GET /static/bootstrap/3.3.0/js/bootstrap.min.js HTTP/1.0" 304 0
[22/Jan/2015 08:15:54] "GET /static/css/opinion_target.css HTTP/1.0" 304 0
[22/Jan/2015 08:15:54] "GET /static/js/opinion_target.js HTTP/1.0" 304 0
[22/Jan/2015 08:16:16] "GET / HTTP/1.0" 200 1384
[22/Jan/2015 08:16:16] "GET /static/bootstrap/3.3.0/css/bootstrap.min.css HTTP/1.0" 304 0
[22/Jan/2015 08:16:16] "GET /static/jquery/1.11.1/jquery.min.js HTTP/1.0" 304 0
[22/Jan/2015 08:16:16] "GET /static/bootstrap/3.3.0/js/bootstrap.min.js HTTP/1.0" 304 0
[22/Jan/2015 08:16:16] "GET /static/js/opinion_target.js HTTP/1.0" 304 0
[22/Jan/2015 08:16:16] "GET /static/css/opinion_target.css HTTP/1.0" 304 0
[22/Jan/2015 08:16:55] "GET / HTTP/1.0" 200 1349
[22/Jan/2015 08:16:55] "GET /static/jquery/1.11.1/jquery.min.js HTTP/1.0" 304 0
[22/Jan/2015 08:16:55] "GET /static/bootstrap/3.3.0/js/bootstrap.min.js HTTP/1.0" 304 0
[22/Jan/2015 08:16:55] "GET /static/bootstrap/3.3.0/css/bootstrap.min.css HTTP/1.0" 304 0
[22/Jan/2015 08:16:55] "GET /static/js/opinion_target.js HTTP/1.0" 304 0
[22/Jan/2015 08:16:55] "GET /static/css/opinion_target.css HTTP/1.0" 304 0
[22/Jan/2015 08:17:07] "GET / HTTP/1.0" 200 1352
[22/Jan/2015 08:17:07] "GET /static/bootstrap/3.3.0/css/bootstrap.min.css HTTP/1.0" 304 0
[22/Jan/2015 08:17:07] "GET /static/jquery/1.11.1/jquery.min.js HTTP/1.0" 304 0
[22/Jan/2015 08:17:07] "GET /static/css/opinion_target.css HTTP/1.0" 304 0
[22/Jan/2015 08:17:07] "GET /static/bootstrap/3.3.0/js/bootstrap.min.js HTTP/1.0" 304 0
[22/Jan/2015 08:17:07] "GET /static/js/opinion_target.js HTTP/1.0" 304 0
[22/Jan/2015 08:17:41] "GET / HTTP/1.0" 200 1352
[22/Jan/2015 08:17:41] "GET /static/bootstrap/3.3.0/js/bootstrap.min.js HTTP/1.0" 304 0
[22/Jan/2015 08:17:41] "GET /static/jquery/1.11.1/jquery.min.js HTTP/1.0" 304 0
[22/Jan/2015 08:17:41] "GET /static/js/opinion_target.js HTTP/1.0" 304 0
[22/Jan/2015 08:17:41] "GET /static/bootstrap/3.3.0/css/bootstrap.min.css HTTP/1.0" 304 0
[22/Jan/2015 08:17:41] "GET /static/css/opinion_target.css HTTP/1.0" 200 762
[22/Jan/2015 08:17:41] "GET /static/img/bg.gif HTTP/1.0" 304 0
[22/Jan/2015 08:17:44] "GET / HTTP/1.0" 200 1352
[22/Jan/2015 08:17:44] "GET /static/bootstrap/3.3.0/css/bootstrap.min.css HTTP/1.0" 304 0
[22/Jan/2015 08:17:44] "GET /static/jquery/1.11.1/jquery.min.js HTTP/1.0" 304 0
[22/Jan/2015 08:17:44] "GET /static/js/opinion_target.js HTTP/1.0" 304 0
[22/Jan/2015 08:17:44] "GET /static/bootstrap/3.3.0/js/bootstrap.min.js HTTP/1.0" 304 0
[22/Jan/2015 08:17:44] "GET /static/css/opinion_target.css HTTP/1.0" 304 0
[22/Jan/2015 08:17:51] "GET / HTTP/1.0" 200 1352
[22/Jan/2015 08:17:51] "GET /static/bootstrap/3.3.0/css/bootstrap.min.css HTTP/1.0" 304 0
[22/Jan/2015 08:17:51] "GET /static/jquery/1.11.1/jquery.min.js HTTP/1.0" 304 0
[22/Jan/2015 08:17:51] "GET /static/bootstrap/3.3.0/js/bootstrap.min.js HTTP/1.0" 304 0
[22/Jan/2015 08:17:51] "GET /static/css/opinion_target.css HTTP/1.0" 304 0
[22/Jan/2015 08:17:51] "GET /static/js/opinion_target.js HTTP/1.0" 304 0
[22/Jan/2015 08:18:18] "GET / HTTP/1.0" 200 1352
[22/Jan/2015 08:18:18] "GET /static/bootstrap/3.3.0/css/bootstrap.min.css HTTP/1.0" 304 0
[22/Jan/2015 08:18:18] "GET /static/jquery/1.11.1/jquery.min.js HTTP/1.0" 304 0
[22/Jan/2015 08:18:18] "GET /static/bootstrap/3.3.0/js/bootstrap.min.js HTTP/1.0" 304 0
[22/Jan/2015 08:18:18] "GET /static/css/opinion_target.css HTTP/1.0" 200 797
[22/Jan/2015 08:18:18] "GET /static/js/opinion_target.js HTTP/1.0" 304 0
[22/Jan/2015 08:18:18] "GET /static/img/bg.gif HTTP/1.0" 304 0
[22/Jan/2015 08:20:21] "GET / HTTP/1.0" 200 1352
[22/Jan/2015 08:20:21] "GET /static/bootstrap/3.3.0/css/bootstrap.min.css HTTP/1.0" 304 0
[22/Jan/2015 08:20:21] "GET /static/jquery/1.11.1/jquery.min.js HTTP/1.0" 304 0
[22/Jan/2015 08:20:21] "GET /static/js/opinion_target.js HTTP/1.0" 304 0
[22/Jan/2015 08:20:21] "GET /static/css/opinion_target.css HTTP/1.0" 200 831
[22/Jan/2015 08:20:21] "GET /static/bootstrap/3.3.0/js/bootstrap.min.js HTTP/1.0" 304 0
[22/Jan/2015 08:20:21] "GET /static/img/bg.gif HTTP/1.0" 304 0
[22/Jan/2015 08:20:22] "GET / HTTP/1.0" 200 1352
[22/Jan/2015 08:20:22] "GET /static/bootstrap/3.3.0/css/bootstrap.min.css HTTP/1.0" 304 0
[22/Jan/2015 08:20:22] "GET /static/jquery/1.11.1/jquery.min.js HTTP/1.0" 304 0
[22/Jan/2015 08:20:22] "GET /static/bootstrap/3.3.0/js/bootstrap.min.js HTTP/1.0" 304 0
[22/Jan/2015 08:20:22] "GET /static/js/opinion_target.js HTTP/1.0" 304 0
[22/Jan/2015 08:20:22] "GET /static/css/opinion_target.css HTTP/1.0" 304 0
[22/Jan/2015 08:20:47] "GET / HTTP/1.0" 200 1368
[22/Jan/2015 08:20:47] "GET /static/bootstrap/3.3.0/css/bootstrap.min.css HTTP/1.0" 304 0
[22/Jan/2015 08:20:47] "GET /static/jquery/1.11.1/jquery.min.js HTTP/1.0" 304 0
[22/Jan/2015 08:20:47] "GET /static/bootstrap/3.3.0/js/bootstrap.min.js HTTP/1.0" 304 0
[22/Jan/2015 08:20:47] "GET /static/js/opinion_target.js HTTP/1.0" 304 0
[22/Jan/2015 08:20:47] "GET /static/css/opinion_target.css HTTP/1.0" 304 0
[22/Jan/2015 08:20:48] "GET / HTTP/1.0" 200 1368
[22/Jan/2015 08:20:48] "GET /static/jquery/1.11.1/jquery.min.js HTTP/1.0" 304 0
[22/Jan/2015 08:20:48] "GET /static/bootstrap/3.3.0/css/bootstrap.min.css HTTP/1.0" 304 0
[22/Jan/2015 08:20:48] "GET /static/bootstrap/3.3.0/js/bootstrap.min.js HTTP/1.0" 304 0
[22/Jan/2015 08:20:48] "GET /static/js/opinion_target.js HTTP/1.0" 304 0
[22/Jan/2015 08:20:48] "GET /static/css/opinion_target.css HTTP/1.0" 304 0
[22/Jan/2015 08:21:06] "GET / HTTP/1.0" 200 1368
[22/Jan/2015 08:21:06] "GET /static/jquery/1.11.1/jquery.min.js HTTP/1.0" 304 0
[22/Jan/2015 08:21:06] "GET /static/js/opinion_target.js HTTP/1.0" 304 0
[22/Jan/2015 08:21:06] "GET /static/bootstrap/3.3.0/css/bootstrap.min.css HTTP/1.0" 304 0
[22/Jan/2015 08:21:06] "GET /static/bootstrap/3.3.0/js/bootstrap.min.js HTTP/1.0" 304 0
[22/Jan/2015 08:21:06] "GET /static/css/opinion_target.css HTTP/1.0" 200 845
[22/Jan/2015 08:21:06] "GET /static/img/bg.gif HTTP/1.0" 304 0
[22/Jan/2015 08:21:14] "GET / HTTP/1.0" 200 1368
[22/Jan/2015 08:21:14] "GET /static/bootstrap/3.3.0/css/bootstrap.min.css HTTP/1.0" 304 0
[22/Jan/2015 08:21:14] "GET /static/js/opinion_target.js HTTP/1.0" 304 0
[22/Jan/2015 08:21:14] "GET /static/jquery/1.11.1/jquery.min.js HTTP/1.0" 304 0
[22/Jan/2015 08:21:14] "GET /static/bootstrap/3.3.0/js/bootstrap.min.js HTTP/1.0" 304 0
[22/Jan/2015 08:21:14] "GET /static/css/opinion_target.css HTTP/1.0" 200 835
[22/Jan/2015 08:21:14] "GET /static/img/bg.gif HTTP/1.0" 304 0
[22/Jan/2015 08:21:22] "GET / HTTP/1.0" 200 1368
[22/Jan/2015 08:21:22] "GET /static/bootstrap/3.3.0/css/bootstrap.min.css HTTP/1.0" 304 0
[22/Jan/2015 08:21:22] "GET /static/jquery/1.11.1/jquery.min.js HTTP/1.0" 304 0
[22/Jan/2015 08:21:22] "GET /static/bootstrap/3.3.0/js/bootstrap.min.js HTTP/1.0" 304 0
[22/Jan/2015 08:21:22] "GET /static/js/opinion_target.js HTTP/1.0" 304 0
[22/Jan/2015 08:21:22] "GET /static/css/opinion_target.css HTTP/1.0" 200 845
[22/Jan/2015 08:21:22] "GET /static/img/bg.gif HTTP/1.0" 304 0
[22/Jan/2015 08:21:31] "GET / HTTP/1.0" 200 1368
[22/Jan/2015 08:21:31] "GET /static/bootstrap/3.3.0/css/bootstrap.min.css HTTP/1.0" 304 0
[22/Jan/2015 08:21:31] "GET /static/bootstrap/3.3.0/js/bootstrap.min.js HTTP/1.0" 304 0
[22/Jan/2015 08:21:31] "GET /static/jquery/1.11.1/jquery.min.js HTTP/1.0" 304 0
[22/Jan/2015 08:21:31] "GET /static/js/opinion_target.js HTTP/1.0" 304 0
[22/Jan/2015 08:21:31] "GET /static/css/opinion_target.css HTTP/1.0" 304 0
[22/Jan/2015 08:21:47] "GET / HTTP/1.0" 200 1368
[22/Jan/2015 08:21:47] "GET /static/jquery/1.11.1/jquery.min.js HTTP/1.0" 304 0
[22/Jan/2015 08:21:47] "GET /static/bootstrap/3.3.0/css/bootstrap.min.css HTTP/1.0" 304 0
[22/Jan/2015 08:21:47] "GET /static/bootstrap/3.3.0/js/bootstrap.min.js HTTP/1.0" 304 0
[22/Jan/2015 08:21:47] "GET /static/js/opinion_target.js HTTP/1.0" 304 0
[22/Jan/2015 08:21:47] "GET /static/css/opinion_target.css HTTP/1.0" 304 0
[22/Jan/2015 08:22:10] "GET / HTTP/1.0" 200 1352
[22/Jan/2015 08:22:10] "GET /static/bootstrap/3.3.0/css/bootstrap.min.css HTTP/1.0" 304 0
[22/Jan/2015 08:22:10] "GET /static/jquery/1.11.1/jquery.min.js HTTP/1.0" 304 0
[22/Jan/2015 08:22:10] "GET /static/js/opinion_target.js HTTP/1.0" 304 0
[22/Jan/2015 08:22:10] "GET /static/bootstrap/3.3.0/js/bootstrap.min.js HTTP/1.0" 304 0
[22/Jan/2015 08:22:10] "GET /static/css/opinion_target.css HTTP/1.0" 304 0
[22/Jan/2015 08:22:11] "GET / HTTP/1.0" 200 1352
[22/Jan/2015 08:22:11] "GET /static/jquery/1.11.1/jquery.min.js HTTP/1.0" 304 0
[22/Jan/2015 08:22:11] "GET /static/bootstrap/3.3.0/css/bootstrap.min.css HTTP/1.0" 304 0
[22/Jan/2015 08:22:11] "GET /static/bootstrap/3.3.0/js/bootstrap.min.js HTTP/1.0" 304 0
[22/Jan/2015 08:22:11] "GET /static/js/opinion_target.js HTTP/1.0" 304 0
[22/Jan/2015 08:22:11] "GET /static/css/opinion_target.css HTTP/1.0" 304 0
[22/Jan/2015 08:22:17] "GET / HTTP/1.0" 200 1352
[22/Jan/2015 08:22:17] "GET /static/jquery/1.11.1/jquery.min.js HTTP/1.0" 304 0
[22/Jan/2015 08:22:17] "GET /static/js/opinion_target.js HTTP/1.0" 304 0
[22/Jan/2015 08:22:17] "GET /static/bootstrap/3.3.0/css/bootstrap.min.css HTTP/1.0" 304 0
[22/Jan/2015 08:22:17] "GET /static/bootstrap/3.3.0/js/bootstrap.min.js HTTP/1.0" 304 0
[22/Jan/2015 08:22:17] "GET /static/css/opinion_target.css HTTP/1.0" 304 0
Building prefix dict from /Library/Python/2.7/site-packages/jieba-0.34-py2.7.egg/jieba/dict.txt ...
Loading model from cache /var/folders/ns/lbf0vl0s1zg53xz_fk0gb_nh0000gn/T/jieba.cache
Loading model cost 0.70174407959 seconds.
Prefix dict has been built succesfully.
[22/Jan/2015 08:22:23] "POST /analysis/segmentation/ HTTP/1.0" 200 101
[22/Jan/2015 08:22:26] "GET / HTTP/1.0" 200 1352
[22/Jan/2015 08:22:26] "GET /static/jquery/1.11.1/jquery.min.js HTTP/1.0" 304 0
[22/Jan/2015 08:22:26] "GET /static/bootstrap/3.3.0/js/bootstrap.min.js HTTP/1.0" 304 0
[22/Jan/2015 08:22:26] "GET /static/bootstrap/3.3.0/css/bootstrap.min.css HTTP/1.0" 304 0
[22/Jan/2015 08:22:26] "GET /static/js/opinion_target.js HTTP/1.0" 304 0
[22/Jan/2015 08:22:26] "GET /static/css/opinion_target.css HTTP/1.0" 304 0
